Arguments: 
  C:\Program Files\nodejs\node.exe C:\Users\dharm\AppData\Roaming\npm\node_modules\yarn\bin\yarn.js

PATH: 
  C:\Gradle\gradle-6.7.1\bin;C:\Program Files\Common Files\Oracle\Java\javapath;C:\WINDOWS\system32;C:\WINDOWS;C:\WINDOWS\System32\Wbem;C:\WINDOWS\System32\WindowsPowerShell\v1.0\;C:\WINDOWS\System32\OpenSSH\;C:\Program Files\nodejs\;C:\Program Files\Java\jdk-15.0.1\bin;C:\Program Files\Git\cmd;C:\Users\dharm\AppData\Local\Programs\Python\Python39\Scripts;C:\Android\Sdk\platform-tools;C:\Android\Sdk\emulator;C:\Users\dharm\AppData\Local\Programs\Python\Python39\Scripts\;C:\Users\dharm\AppData\Local\Programs\Python\Python39\;C:\Users\dharm\AppData\Local\Microsoft\WindowsApps;C:\Users\dharm\AppData\Roaming\npm;C:\Users\dharm\AppData\Local\Programs\Microsoft VS Code\bin

Yarn version: 
  1.22.10

Node version: 
  14.15.4

Platform: 
  win32 x64

Trace: 
  Error: connect ENETUNREACH 104.16.25.35:443
      at TCPConnectWrap.afterConnect [as oncomplete] (net.js:1146:16)

npm manifest: 
  {
    "name": "pdf-generator",
    "version": "1.0.0",
    "description": "",
    "main": "index.js",
    "dependencies": {
      "fs": "0.0.1-security",
      "path": "^0.12.7",
      "pdfkit": "^0.12.1",
      "sqlite3": "^5.0.2",
      "yarn": "^1.22.10"
    },
    "devDependencies": {
      "electron-builder": "^22.11.7",
      "electron": "^13.1.2",
      "pdfkit": "^0.12.1",
      "sqlite3": "^5.0.2",
      "fs": "0.0.1-security"
    },
    "build": {
      "appId": "dharm.work",
      "win": {
        "target": "nsis"
      }
    },
    "scripts": {
      "test": "echo \"Error: no test specified\" && exit 1",
      "dist": "electron-builder"
    },
    "author": "",
    "license": "ISC"
  }

yarn manifest: 
  No manifest

Lockfile: 
  No lockfile
